[debug] [2020-09-04T19:46:39.925Z] ----------------------------------------------------------------------
[debug] [2020-09-04T19:46:39.927Z] Command:       /usr/bin/node /usr/bin/firebase functions:shell
[debug] [2020-09-04T19:46:39.927Z] CLI Version:   8.10.0
[debug] [2020-09-04T19:46:39.927Z] Platform:      linux
[debug] [2020-09-04T19:46:39.927Z] Node Version:  v14.9.0
[debug] [2020-09-04T19:46:39.928Z] Time:          Fri Sep 04 2020 21:46:39 GMT+0200 (Central European Summer Time)
[debug] [2020-09-04T19:46:39.928Z] ----------------------------------------------------------------------
[debug] [2020-09-04T19:46:39.928Z] 
[debug] [2020-09-04T19:46:39.932Z] > command requires scopes: ["email","openid","https://www.googleapis.com/auth/cloudplatformprojects.readonly","https://www.googleapis.com/auth/firebase","https://www.googleapis.com/auth/cloud-platform"]
[debug] [2020-09-04T19:46:39.933Z] > authorizing via signed-in user
[debug] [2020-09-04T19:46:39.933Z] [iam] checking project luuk180-dev for permissions ["firebase.projects.get"]
[debug] [2020-09-04T19:46:39.935Z] >>> HTTP REQUEST POST https://cloudresourcemanager.googleapis.com/v1/projects/luuk180-dev:testIamPermissions  
 {"permissions":["firebase.projects.get"]}
[debug] [2020-09-04T19:46:40.547Z] <<< HTTP RESPONSE 200 {"content-type":"application/json; charset=UTF-8","vary":"X-Origin, Referer, Origin,Accept-Encoding","date":"Fri, 04 Sep 2020 19:46:40 GMT","server":"ESF","cache-control":"private","x-xss-protection":"0","x-frame-options":"SAMEORIGIN","x-content-type-options":"nosniff","server-timing":"gfet4t7; dur=585","alt-svc":"h3-29=\":443\"; ma=2592000,h3-27=\":443\"; ma=2592000,h3-T051=\":443\"; ma=2592000,h3-T050=\":443\"; ma=2592000,h3-Q050=\":443\"; ma=2592000,h3-Q046=\":443\"; ma=2592000,h3-Q043=\":443\"; ma=2592000,quic=\":443\"; ma=2592000; v=\"46,43\"","accept-ranges":"none","transfer-encoding":"chunked"}
[warn] ⚠  Your requested "node" version "10" doesn't match your global version "14" {"metadata":{"emulator":{"name":"functions"},"message":"Your requested \"node\" version \"10\" doesn't match your global version \"14\""}}
[debug] [2020-09-04T19:46:40.557Z] defaultcredentials: writing to file /home/luuk180/.config/firebase/luuk_volkering_gmail.com_application_default_credentials.json
[debug] [2020-09-04T19:46:40.558Z] DEBUG: Setting GAC to /home/luuk180/.config/firebase/luuk_volkering_gmail.com_application_default_credentials.json
[debug] [2020-09-04T19:46:40.566Z] [functions] Watching "/home/luuk180/Documents/Development/WebDev/luuk180.dev/functions" for Cloud Functions...
[debug] [2020-09-04T19:46:40.574Z] DEBUG: [worker-pool] addWorker(~diagnostic~)
[debug] [2020-09-04T19:46:40.574Z] DEBUG: [worker-pool] Adding worker with key ~diagnostic~, total=1
[debug] [2020-09-04T19:46:40.575Z] DEBUG: [worker-pool] submitWork(triggerId=)
[debug] [2020-09-04T19:46:40.575Z] DEBUG: [worker-~diagnostic~-95dd4e36-a8c6-40e2-97bd-dadc045860ae]: Assigning socketPath: /tmp/fire_emu_33527.sock
[debug] [2020-09-04T19:46:40.575Z] DEBUG: [worker-~diagnostic~-95dd4e36-a8c6-40e2-97bd-dadc045860ae]: BUSY
[debug] [2020-09-04T19:46:40.752Z] DEBUG: [runtime-status] [33527] Functions runtime initialized. {"cwd":"/home/luuk180/Documents/Development/WebDev/luuk180.dev/functions","node_version":"14.9.0"}
[debug] [2020-09-04T19:46:40.756Z] DEBUG: [runtime-status] [33527] Disabled runtime features: undefined
[debug] [2020-09-04T19:46:40.756Z] DEBUG: [runtime-status] [33527] Resolved module firebase-admin {"declared":true,"installed":true,"version":"8.13.0","resolution":"/home/luuk180/Documents/Development/WebDev/luuk180.dev/functions/node_modules/firebase-admin/lib/index.js"}
[debug] [2020-09-04T19:46:40.756Z] DEBUG: [runtime-status] [33527] Resolved module firebase-functions {"declared":true,"installed":true,"version":"3.11.0","resolution":"/home/luuk180/Documents/Development/WebDev/luuk180.dev/functions/node_modules/firebase-functions/lib/index.js"}
[debug] [2020-09-04T19:46:40.757Z] DEBUG: [runtime-status] [33527] Resolved module firebase-functions {"declared":true,"installed":true,"version":"3.11.0","resolution":"/home/luuk180/Documents/Development/WebDev/luuk180.dev/functions/node_modules/firebase-functions/lib/index.js"}
[debug] [2020-09-04T19:46:40.758Z] DEBUG: [runtime-status] [33527] Outgoing network have been stubbed. [{"name":"http","status":"mocked"},{"name":"http","status":"mocked"},{"name":"https","status":"mocked"},{"name":"https","status":"mocked"},{"name":"net","status":"mocked"}]
[debug] [2020-09-04T19:46:40.758Z] DEBUG: [runtime-status] [33527] Resolved module firebase-functions {"declared":true,"installed":true,"version":"3.11.0","resolution":"/home/luuk180/Documents/Development/WebDev/luuk180.dev/functions/node_modules/firebase-functions/lib/index.js"}
[debug] [2020-09-04T19:46:40.783Z] DEBUG: [runtime-status] [33527] Checked functions.config() {"config":{}}
[debug] [2020-09-04T19:46:40.783Z] DEBUG: [runtime-status] [33527] firebase-functions has been stubbed. {"functionsResolution":{"declared":true,"installed":true,"version":"3.11.0","resolution":"/home/luuk180/Documents/Development/WebDev/luuk180.dev/functions/node_modules/firebase-functions/lib/index.js"}}
[debug] [2020-09-04T19:46:40.784Z] DEBUG: [runtime-status] [33527] Resolved module firebase-functions {"declared":true,"installed":true,"version":"3.11.0","resolution":"/home/luuk180/Documents/Development/WebDev/luuk180.dev/functions/node_modules/firebase-functions/lib/index.js"}
[debug] [2020-09-04T19:46:40.784Z] DEBUG: [runtime-status] [33527] Resolved module firebase-admin {"declared":true,"installed":true,"version":"8.13.0","resolution":"/home/luuk180/Documents/Development/WebDev/luuk180.dev/functions/node_modules/firebase-admin/lib/index.js"}
[debug] [2020-09-04T19:46:40.785Z] DEBUG: [runtime-status] [33527] Resolved module firebase-functions {"declared":true,"installed":true,"version":"3.11.0","resolution":"/home/luuk180/Documents/Development/WebDev/luuk180.dev/functions/node_modules/firebase-functions/lib/index.js"}
[debug] [2020-09-04T19:46:40.785Z] DEBUG: [runtime-status] [33527] firebase-admin has been stubbed. {"adminResolution":{"declared":true,"installed":true,"version":"8.13.0","resolution":"/home/luuk180/Documents/Development/WebDev/luuk180.dev/functions/node_modules/firebase-admin/lib/index.js"}}
[warn] ⚠  Error [ERR_REQUIRE_ESM]: Must use import to load ES Module: /home/luuk180/Documents/Development/WebDev/luuk180.dev/functions/index.mjs
    at Module.load (internal/modules/cjs/loader.js:938:11)
    at Function.Module._load (internal/modules/cjs/loader.js:781:14)
    at Module.require (internal/modules/cjs/loader.js:964:19)
    at require (internal/modules/cjs/helpers.js:88:18)
    at /usr/lib/node_modules/firebase-tools/lib/emulator/functionsEmulatorRuntime.js:681:33
    at Generator.next (<anonymous>)
    at fulfilled (/usr/lib/node_modules/firebase-tools/lib/emulator/functionsEmulatorRuntime.js:5:58)
    at processTicksAndRejections (internal/process/task_queues.js:93:5) {"metadata":{"emulator":{"name":"functions"},"message":"Error [ERR_REQUIRE_ESM]: Must use import to load ES Module: /home/luuk180/Documents/Development/WebDev/luuk180.dev/functions/index.mjs\n    at Module.load (internal/modules/cjs/loader.js:938:11)\n    at Function.Module._load (internal/modules/cjs/loader.js:781:14)\n    at Module.require (internal/modules/cjs/loader.js:964:19)\n    at require (internal/modules/cjs/helpers.js:88:18)\n    at /usr/lib/node_modules/firebase-tools/lib/emulator/functionsEmulatorRuntime.js:681:33\n    at Generator.next (<anonymous>)\n    at fulfilled (/usr/lib/node_modules/firebase-tools/lib/emulator/functionsEmulatorRuntime.js:5:58)\n    at processTicksAndRejections (internal/process/task_queues.js:93:5)"}}
[warn] ⚠  We were unable to load your functions code. (see above) {"metadata":{"emulator":{"name":"functions"}}}
[debug] [2020-09-04T19:46:40.801Z] DEBUG: [worker-~diagnostic~-95dd4e36-a8c6-40e2-97bd-dadc045860ae]: exited
[debug] [2020-09-04T19:46:40.801Z] DEBUG: [worker-~diagnostic~-95dd4e36-a8c6-40e2-97bd-dadc045860ae]: FINISHED
[debug] [2020-09-04T19:47:36.215Z] ----------------------------------------------------------------------
[debug] [2020-09-04T19:47:36.217Z] Command:       /usr/bin/node /usr/bin/firebase functions:shell
[debug] [2020-09-04T19:47:36.217Z] CLI Version:   8.10.0
[debug] [2020-09-04T19:47:36.217Z] Platform:      linux
[debug] [2020-09-04T19:47:36.217Z] Node Version:  v14.9.0
[debug] [2020-09-04T19:47:36.218Z] Time:          Fri Sep 04 2020 21:47:36 GMT+0200 (Central European Summer Time)
[debug] [2020-09-04T19:47:36.218Z] ----------------------------------------------------------------------
[debug] [2020-09-04T19:47:36.218Z] 
[debug] [2020-09-04T19:47:36.223Z] > command requires scopes: ["email","openid","https://www.googleapis.com/auth/cloudplatformprojects.readonly","https://www.googleapis.com/auth/firebase","https://www.googleapis.com/auth/cloud-platform"]
[debug] [2020-09-04T19:47:36.223Z] > authorizing via signed-in user
[debug] [2020-09-04T19:47:36.223Z] [iam] checking project luuk180-dev for permissions ["firebase.projects.get"]
[debug] [2020-09-04T19:47:36.225Z] >>> HTTP REQUEST POST https://cloudresourcemanager.googleapis.com/v1/projects/luuk180-dev:testIamPermissions  
 {"permissions":["firebase.projects.get"]}
[debug] [2020-09-04T19:47:36.841Z] <<< HTTP RESPONSE 200 {"content-type":"application/json; charset=UTF-8","vary":"X-Origin, Referer, Origin,Accept-Encoding","date":"Fri, 04 Sep 2020 19:47:36 GMT","server":"ESF","cache-control":"private","x-xss-protection":"0","x-frame-options":"SAMEORIGIN","x-content-type-options":"nosniff","server-timing":"gfet4t7; dur=588","alt-svc":"h3-29=\":443\"; ma=2592000,h3-27=\":443\"; ma=2592000,h3-T051=\":443\"; ma=2592000,h3-T050=\":443\"; ma=2592000,h3-Q050=\":443\"; ma=2592000,h3-Q046=\":443\"; ma=2592000,h3-Q043=\":443\"; ma=2592000,quic=\":443\"; ma=2592000; v=\"46,43\"","accept-ranges":"none","transfer-encoding":"chunked"}
[warn] ⚠  Your requested "node" version "10" doesn't match your global version "14" {"metadata":{"emulator":{"name":"functions"},"message":"Your requested \"node\" version \"10\" doesn't match your global version \"14\""}}
[debug] [2020-09-04T19:47:36.851Z] defaultcredentials: writing to file /home/luuk180/.config/firebase/luuk_volkering_gmail.com_application_default_credentials.json
[debug] [2020-09-04T19:47:36.851Z] DEBUG: Setting GAC to /home/luuk180/.config/firebase/luuk_volkering_gmail.com_application_default_credentials.json
[debug] [2020-09-04T19:47:36.857Z] [functions] Watching "/home/luuk180/Documents/Development/WebDev/luuk180.dev/functions" for Cloud Functions...
[debug] [2020-09-04T19:47:36.866Z] DEBUG: [worker-pool] addWorker(~diagnostic~)
[debug] [2020-09-04T19:47:36.866Z] DEBUG: [worker-pool] Adding worker with key ~diagnostic~, total=1
[debug] [2020-09-04T19:47:36.866Z] DEBUG: [worker-pool] submitWork(triggerId=)
[debug] [2020-09-04T19:47:36.867Z] DEBUG: [worker-~diagnostic~-4f40863d-d646-47ee-b9b8-8eed76c5540d]: Assigning socketPath: /tmp/fire_emu_33668.sock
[debug] [2020-09-04T19:47:36.867Z] DEBUG: [worker-~diagnostic~-4f40863d-d646-47ee-b9b8-8eed76c5540d]: BUSY
[debug] [2020-09-04T19:47:37.051Z] DEBUG: [runtime-status] [33668] Functions runtime initialized. {"cwd":"/home/luuk180/Documents/Development/WebDev/luuk180.dev/functions","node_version":"14.9.0"}
[debug] [2020-09-04T19:47:37.056Z] DEBUG: [runtime-status] [33668] Disabled runtime features: undefined
[debug] [2020-09-04T19:47:37.056Z] DEBUG: [runtime-status] [33668] Resolved module firebase-admin {"declared":true,"installed":true,"version":"8.13.0","resolution":"/home/luuk180/Documents/Development/WebDev/luuk180.dev/functions/node_modules/firebase-admin/lib/index.js"}
[debug] [2020-09-04T19:47:37.056Z] DEBUG: [runtime-status] [33668] Resolved module firebase-functions {"declared":true,"installed":true,"version":"3.11.0","resolution":"/home/luuk180/Documents/Development/WebDev/luuk180.dev/functions/node_modules/firebase-functions/lib/index.js"}
[debug] [2020-09-04T19:47:37.059Z] DEBUG: [runtime-status] [33668] Resolved module firebase-functions {"declared":true,"installed":true,"version":"3.11.0","resolution":"/home/luuk180/Documents/Development/WebDev/luuk180.dev/functions/node_modules/firebase-functions/lib/index.js"}
[debug] [2020-09-04T19:47:37.059Z] DEBUG: [runtime-status] [33668] Outgoing network have been stubbed. [{"name":"http","status":"mocked"},{"name":"http","status":"mocked"},{"name":"https","status":"mocked"},{"name":"https","status":"mocked"},{"name":"net","status":"mocked"}]
[debug] [2020-09-04T19:47:37.060Z] DEBUG: [runtime-status] [33668] Resolved module firebase-functions {"declared":true,"installed":true,"version":"3.11.0","resolution":"/home/luuk180/Documents/Development/WebDev/luuk180.dev/functions/node_modules/firebase-functions/lib/index.js"}
[debug] [2020-09-04T19:47:37.086Z] DEBUG: [runtime-status] [33668] Checked functions.config() {"config":{}}
[debug] [2020-09-04T19:47:37.086Z] DEBUG: [runtime-status] [33668] firebase-functions has been stubbed. {"functionsResolution":{"declared":true,"installed":true,"version":"3.11.0","resolution":"/home/luuk180/Documents/Development/WebDev/luuk180.dev/functions/node_modules/firebase-functions/lib/index.js"}}
[debug] [2020-09-04T19:47:37.086Z] DEBUG: [runtime-status] [33668] Resolved module firebase-functions {"declared":true,"installed":true,"version":"3.11.0","resolution":"/home/luuk180/Documents/Development/WebDev/luuk180.dev/functions/node_modules/firebase-functions/lib/index.js"}
[debug] [2020-09-04T19:47:37.087Z] DEBUG: [runtime-status] [33668] Resolved module firebase-admin {"declared":true,"installed":true,"version":"8.13.0","resolution":"/home/luuk180/Documents/Development/WebDev/luuk180.dev/functions/node_modules/firebase-admin/lib/index.js"}
[debug] [2020-09-04T19:47:37.087Z] DEBUG: [runtime-status] [33668] Resolved module firebase-functions {"declared":true,"installed":true,"version":"3.11.0","resolution":"/home/luuk180/Documents/Development/WebDev/luuk180.dev/functions/node_modules/firebase-functions/lib/index.js"}
[debug] [2020-09-04T19:47:37.088Z] DEBUG: [runtime-status] [33668] firebase-admin has been stubbed. {"adminResolution":{"declared":true,"installed":true,"version":"8.13.0","resolution":"/home/luuk180/Documents/Development/WebDev/luuk180.dev/functions/node_modules/firebase-admin/lib/index.js"}}
[warn] ⚠  /home/luuk180/Documents/Development/WebDev/luuk180.dev/functions/index.js:6
import { ApolloClient,	InMemoryCache } from '@apollo/client';
^^^^^^

SyntaxError: Cannot use import statement outside a module
    at wrapSafe (internal/modules/cjs/loader.js:991:16)
    at Module._compile (internal/modules/cjs/loader.js:1039:27)
    at Object.Module._extensions..js (internal/modules/cjs/loader.js:1096:10)
    at Module.load (internal/modules/cjs/loader.js:940:32)
    at Function.Module._load (internal/modules/cjs/loader.js:781:14)
    at Module.require (internal/modules/cjs/loader.js:964:19)
    at require (internal/modules/cjs/helpers.js:88:18)
    at /usr/lib/node_modules/firebase-tools/lib/emulator/functionsEmulatorRuntime.js:681:33
    at Generator.next (<anonymous>)
    at fulfilled (/usr/lib/node_modules/firebase-tools/lib/emulator/functionsEmulatorRuntime.js:5:58) {"metadata":{"emulator":{"name":"functions"},"message":"/home/luuk180/Documents/Development/WebDev/luuk180.dev/functions/index.js:6\nimport { ApolloClient,\tInMemoryCache } from '@apollo/client';\n^^^^^^\n\nSyntaxError: Cannot use import statement outside a module\n    at wrapSafe (internal/modules/cjs/loader.js:991:16)\n    at Module._compile (internal/modules/cjs/loader.js:1039:27)\n    at Object.Module._extensions..js (internal/modules/cjs/loader.js:1096:10)\n    at Module.load (internal/modules/cjs/loader.js:940:32)\n    at Function.Module._load (internal/modules/cjs/loader.js:781:14)\n    at Module.require (internal/modules/cjs/loader.js:964:19)\n    at require (internal/modules/cjs/helpers.js:88:18)\n    at /usr/lib/node_modules/firebase-tools/lib/emulator/functionsEmulatorRuntime.js:681:33\n    at Generator.next (<anonymous>)\n    at fulfilled (/usr/lib/node_modules/firebase-tools/lib/emulator/functionsEmulatorRuntime.js:5:58)"}}
[warn] ⚠  We were unable to load your functions code. (see above) {"metadata":{"emulator":{"name":"functions"}}}
[debug] [2020-09-04T19:47:37.103Z] DEBUG: [worker-~diagnostic~-4f40863d-d646-47ee-b9b8-8eed76c5540d]: exited
[debug] [2020-09-04T19:47:37.104Z] DEBUG: [worker-~diagnostic~-4f40863d-d646-47ee-b9b8-8eed76c5540d]: FINISHED
[debug] [2020-09-04T19:49:27.134Z] ----------------------------------------------------------------------
[debug] [2020-09-04T19:49:27.135Z] Command:       /usr/bin/node /usr/bin/firebase functions:shell
[debug] [2020-09-04T19:49:27.136Z] CLI Version:   8.10.0
[debug] [2020-09-04T19:49:27.136Z] Platform:      linux
[debug] [2020-09-04T19:49:27.136Z] Node Version:  v14.9.0
[debug] [2020-09-04T19:49:27.136Z] Time:          Fri Sep 04 2020 21:49:27 GMT+0200 (Central European Summer Time)
[debug] [2020-09-04T19:49:27.136Z] ----------------------------------------------------------------------
[debug] [2020-09-04T19:49:27.136Z] 
[debug] [2020-09-04T19:49:27.141Z] > command requires scopes: ["email","openid","https://www.googleapis.com/auth/cloudplatformprojects.readonly","https://www.googleapis.com/auth/firebase","https://www.googleapis.com/auth/cloud-platform"]
[debug] [2020-09-04T19:49:27.141Z] > authorizing via signed-in user
[debug] [2020-09-04T19:49:27.141Z] [iam] checking project luuk180-dev for permissions ["firebase.projects.get"]
[debug] [2020-09-04T19:49:27.143Z] >>> HTTP REQUEST POST https://cloudresourcemanager.googleapis.com/v1/projects/luuk180-dev:testIamPermissions  
 {"permissions":["firebase.projects.get"]}
[debug] [2020-09-04T19:49:27.813Z] <<< HTTP RESPONSE 200 {"content-type":"application/json; charset=UTF-8","vary":"X-Origin, Referer, Origin,Accept-Encoding","date":"Fri, 04 Sep 2020 19:49:27 GMT","server":"ESF","cache-control":"private","x-xss-protection":"0","x-frame-options":"SAMEORIGIN","x-content-type-options":"nosniff","server-timing":"gfet4t7; dur=641","alt-svc":"h3-29=\":443\"; ma=2592000,h3-27=\":443\"; ma=2592000,h3-T051=\":443\"; ma=2592000,h3-T050=\":443\"; ma=2592000,h3-Q050=\":443\"; ma=2592000,h3-Q046=\":443\"; ma=2592000,h3-Q043=\":443\"; ma=2592000,quic=\":443\"; ma=2592000; v=\"46,43\"","accept-ranges":"none","transfer-encoding":"chunked"}
[warn] ⚠  Your requested "node" version "10" doesn't match your global version "14" {"metadata":{"emulator":{"name":"functions"},"message":"Your requested \"node\" version \"10\" doesn't match your global version \"14\""}}
[debug] [2020-09-04T19:49:27.823Z] defaultcredentials: writing to file /home/luuk180/.config/firebase/luuk_volkering_gmail.com_application_default_credentials.json
[debug] [2020-09-04T19:49:27.824Z] DEBUG: Setting GAC to /home/luuk180/.config/firebase/luuk_volkering_gmail.com_application_default_credentials.json
[debug] [2020-09-04T19:49:27.830Z] [functions] Watching "/home/luuk180/Documents/Development/WebDev/luuk180.dev/functions" for Cloud Functions...
[debug] [2020-09-04T19:49:27.838Z] DEBUG: [worker-pool] addWorker(~diagnostic~)
[debug] [2020-09-04T19:49:27.839Z] DEBUG: [worker-pool] Adding worker with key ~diagnostic~, total=1
[debug] [2020-09-04T19:49:27.839Z] DEBUG: [worker-pool] submitWork(triggerId=)
[debug] [2020-09-04T19:49:27.839Z] DEBUG: [worker-~diagnostic~-c41d92ad-53f0-4e9f-bc94-2a27f993f8c0]: Assigning socketPath: /tmp/fire_emu_33827.sock
[debug] [2020-09-04T19:49:27.839Z] DEBUG: [worker-~diagnostic~-c41d92ad-53f0-4e9f-bc94-2a27f993f8c0]: BUSY
[debug] [2020-09-04T19:49:28.028Z] DEBUG: [runtime-status] [33827] Functions runtime initialized. {"cwd":"/home/luuk180/Documents/Development/WebDev/luuk180.dev/functions","node_version":"14.9.0"}
[debug] [2020-09-04T19:49:28.029Z] DEBUG: [runtime-status] [33827] Disabled runtime features: undefined
[debug] [2020-09-04T19:49:28.031Z] DEBUG: [runtime-status] [33827] Resolved module firebase-admin {"declared":true,"installed":true,"version":"8.13.0","resolution":"/home/luuk180/Documents/Development/WebDev/luuk180.dev/functions/node_modules/firebase-admin/lib/index.js"}
[debug] [2020-09-04T19:49:28.032Z] DEBUG: [runtime-status] [33827] Resolved module firebase-functions {"declared":true,"installed":true,"version":"3.11.0","resolution":"/home/luuk180/Documents/Development/WebDev/luuk180.dev/functions/node_modules/firebase-functions/lib/index.js"}
[debug] [2020-09-04T19:49:28.033Z] DEBUG: [runtime-status] [33827] Resolved module firebase-functions {"declared":true,"installed":true,"version":"3.11.0","resolution":"/home/luuk180/Documents/Development/WebDev/luuk180.dev/functions/node_modules/firebase-functions/lib/index.js"}
[debug] [2020-09-04T19:49:28.034Z] DEBUG: [runtime-status] [33827] Outgoing network have been stubbed. [{"name":"http","status":"mocked"},{"name":"http","status":"mocked"},{"name":"https","status":"mocked"},{"name":"https","status":"mocked"},{"name":"net","status":"mocked"}]
[debug] [2020-09-04T19:49:28.035Z] DEBUG: [runtime-status] [33827] Resolved module firebase-functions {"declared":true,"installed":true,"version":"3.11.0","resolution":"/home/luuk180/Documents/Development/WebDev/luuk180.dev/functions/node_modules/firebase-functions/lib/index.js"}
[debug] [2020-09-04T19:49:28.060Z] DEBUG: [runtime-status] [33827] Checked functions.config() {"config":{}}
[debug] [2020-09-04T19:49:28.060Z] DEBUG: [runtime-status] [33827] firebase-functions has been stubbed. {"functionsResolution":{"declared":true,"installed":true,"version":"3.11.0","resolution":"/home/luuk180/Documents/Development/WebDev/luuk180.dev/functions/node_modules/firebase-functions/lib/index.js"}}
[debug] [2020-09-04T19:49:28.061Z] DEBUG: [runtime-status] [33827] Resolved module firebase-functions {"declared":true,"installed":true,"version":"3.11.0","resolution":"/home/luuk180/Documents/Development/WebDev/luuk180.dev/functions/node_modules/firebase-functions/lib/index.js"}
[debug] [2020-09-04T19:49:28.061Z] DEBUG: [runtime-status] [33827] Resolved module firebase-admin {"declared":true,"installed":true,"version":"8.13.0","resolution":"/home/luuk180/Documents/Development/WebDev/luuk180.dev/functions/node_modules/firebase-admin/lib/index.js"}
[debug] [2020-09-04T19:49:28.062Z] DEBUG: [runtime-status] [33827] Resolved module firebase-functions {"declared":true,"installed":true,"version":"3.11.0","resolution":"/home/luuk180/Documents/Development/WebDev/luuk180.dev/functions/node_modules/firebase-functions/lib/index.js"}
[debug] [2020-09-04T19:49:28.066Z] DEBUG: [runtime-status] [33827] firebase-admin has been stubbed. {"adminResolution":{"declared":true,"installed":true,"version":"8.13.0","resolution":"/home/luuk180/Documents/Development/WebDev/luuk180.dev/functions/node_modules/firebase-admin/lib/index.js"}}
[warn] ⚠  Error [ERR_REQUIRE_ESM]: Must use import to load ES Module: /home/luuk180/Documents/Development/WebDev/luuk180.dev/functions/index.js
require() of ES modules is not supported.
require() of /home/luuk180/Documents/Development/WebDev/luuk180.dev/functions/index.js from /usr/lib/node_modules/firebase-tools/lib/emulator/functionsEmulatorRuntime.js is an ES module file as it is a .js file whose nearest parent package.json contains "type": "module" which defines all .js files in that package scope as ES modules.
Instead rename index.js to end in .cjs, change the requiring code to use import(), or remove "type": "module" from /home/luuk180/Documents/Development/WebDev/luuk180.dev/functions/package.json.

    at Object.Module._extensions..js (internal/modules/cjs/loader.js:1092:13)
    at Module.load (internal/modules/cjs/loader.js:940:32)
    at Function.Module._load (internal/modules/cjs/loader.js:781:14)
    at Module.require (internal/modules/cjs/loader.js:964:19)
    at require (internal/modules/cjs/helpers.js:88:18)
    at /usr/lib/node_modules/firebase-tools/lib/emulator/functionsEmulatorRuntime.js:681:33
    at Generator.next (<anonymous>)
    at fulfilled (/usr/lib/node_modules/firebase-tools/lib/emulator/functionsEmulatorRuntime.js:5:58)
    at processTicksAndRejections (internal/process/task_queues.js:93:5) {"metadata":{"emulator":{"name":"functions"},"message":"Error [ERR_REQUIRE_ESM]: Must use import to load ES Module: /home/luuk180/Documents/Development/WebDev/luuk180.dev/functions/index.js\nrequire() of ES modules is not supported.\nrequire() of /home/luuk180/Documents/Development/WebDev/luuk180.dev/functions/index.js from /usr/lib/node_modules/firebase-tools/lib/emulator/functionsEmulatorRuntime.js is an ES module file as it is a .js file whose nearest parent package.json contains \"type\": \"module\" which defines all .js files in that package scope as ES modules.\nInstead rename index.js to end in .cjs, change the requiring code to use import(), or remove \"type\": \"module\" from /home/luuk180/Documents/Development/WebDev/luuk180.dev/functions/package.json.\n\n    at Object.Module._extensions..js (internal/modules/cjs/loader.js:1092:13)\n    at Module.load (internal/modules/cjs/loader.js:940:32)\n    at Function.Module._load (internal/modules/cjs/loader.js:781:14)\n    at Module.require (internal/modules/cjs/loader.js:964:19)\n    at require (internal/modules/cjs/helpers.js:88:18)\n    at /usr/lib/node_modules/firebase-tools/lib/emulator/functionsEmulatorRuntime.js:681:33\n    at Generator.next (<anonymous>)\n    at fulfilled (/usr/lib/node_modules/firebase-tools/lib/emulator/functionsEmulatorRuntime.js:5:58)\n    at processTicksAndRejections (internal/process/task_queues.js:93:5)"}}
[warn] ⚠  We were unable to load your functions code. (see above) {"metadata":{"emulator":{"name":"functions"}}}
[debug] [2020-09-04T19:49:28.082Z] DEBUG: [worker-~diagnostic~-c41d92ad-53f0-4e9f-bc94-2a27f993f8c0]: exited
[debug] [2020-09-04T19:49:28.082Z] DEBUG: [worker-~diagnostic~-c41d92ad-53f0-4e9f-bc94-2a27f993f8c0]: FINISHED
[debug] [2020-09-04T19:57:34.313Z] ----------------------------------------------------------------------
[debug] [2020-09-04T19:57:34.315Z] Command:       /usr/bin/node /usr/bin/firebase functions:shell
[debug] [2020-09-04T19:57:34.315Z] CLI Version:   8.10.0
[debug] [2020-09-04T19:57:34.315Z] Platform:      linux
[debug] [2020-09-04T19:57:34.315Z] Node Version:  v14.9.0
[debug] [2020-09-04T19:57:34.316Z] Time:          Fri Sep 04 2020 21:57:34 GMT+0200 (Central European Summer Time)
[debug] [2020-09-04T19:57:34.316Z] ----------------------------------------------------------------------
[debug] [2020-09-04T19:57:34.316Z] 
[debug] [2020-09-04T19:57:34.321Z] > command requires scopes: ["email","openid","https://www.googleapis.com/auth/cloudplatformprojects.readonly","https://www.googleapis.com/auth/firebase","https://www.googleapis.com/auth/cloud-platform"]
[debug] [2020-09-04T19:57:34.321Z] > authorizing via signed-in user
[debug] [2020-09-04T19:57:34.321Z] [iam] checking project luuk180-dev for permissions ["firebase.projects.get"]
[debug] [2020-09-04T19:57:34.323Z] >>> HTTP REQUEST POST https://cloudresourcemanager.googleapis.com/v1/projects/luuk180-dev:testIamPermissions  
 {"permissions":["firebase.projects.get"]}
[debug] [2020-09-04T19:57:34.982Z] <<< HTTP RESPONSE 200 {"content-type":"application/json; charset=UTF-8","vary":"X-Origin, Referer, Origin,Accept-Encoding","date":"Fri, 04 Sep 2020 19:57:34 GMT","server":"ESF","cache-control":"private","x-xss-protection":"0","x-frame-options":"SAMEORIGIN","x-content-type-options":"nosniff","server-timing":"gfet4t7; dur=606","alt-svc":"h3-29=\":443\"; ma=2592000,h3-27=\":443\"; ma=2592000,h3-T051=\":443\"; ma=2592000,h3-T050=\":443\"; ma=2592000,h3-Q050=\":443\"; ma=2592000,h3-Q046=\":443\"; ma=2592000,h3-Q043=\":443\"; ma=2592000,quic=\":443\"; ma=2592000; v=\"46,43\"","accept-ranges":"none","transfer-encoding":"chunked"}
[warn] ⚠  Your requested "node" version "10" doesn't match your global version "14" {"metadata":{"emulator":{"name":"functions"},"message":"Your requested \"node\" version \"10\" doesn't match your global version \"14\""}}
[debug] [2020-09-04T19:57:34.992Z] defaultcredentials: writing to file /home/luuk180/.config/firebase/luuk_volkering_gmail.com_application_default_credentials.json
[debug] [2020-09-04T19:57:34.993Z] DEBUG: Setting GAC to /home/luuk180/.config/firebase/luuk_volkering_gmail.com_application_default_credentials.json
[debug] [2020-09-04T19:57:34.999Z] [functions] Watching "/home/luuk180/Documents/Development/WebDev/luuk180.dev/functions" for Cloud Functions...
[debug] [2020-09-04T19:57:35.007Z] DEBUG: [worker-pool] addWorker(~diagnostic~)
[debug] [2020-09-04T19:57:35.007Z] DEBUG: [worker-pool] Adding worker with key ~diagnostic~, total=1
[debug] [2020-09-04T19:57:35.007Z] DEBUG: [worker-pool] submitWork(triggerId=)
[debug] [2020-09-04T19:57:35.008Z] DEBUG: [worker-~diagnostic~-8644d2e6-191a-4374-9fbc-3f6ccd7fa188]: Assigning socketPath: /tmp/fire_emu_34592.sock
[debug] [2020-09-04T19:57:35.008Z] DEBUG: [worker-~diagnostic~-8644d2e6-191a-4374-9fbc-3f6ccd7fa188]: BUSY
[debug] [2020-09-04T19:57:35.194Z] DEBUG: [runtime-status] [34592] Functions runtime initialized. {"cwd":"/home/luuk180/Documents/Development/WebDev/luuk180.dev/functions","node_version":"14.9.0"}
[debug] [2020-09-04T19:57:35.196Z] DEBUG: [runtime-status] [34592] Disabled runtime features: undefined
[debug] [2020-09-04T19:57:35.198Z] DEBUG: [runtime-status] [34592] Resolved module firebase-admin {"declared":true,"installed":true,"version":"8.13.0","resolution":"/home/luuk180/Documents/Development/WebDev/luuk180.dev/functions/node_modules/firebase-admin/lib/index.js"}
[debug] [2020-09-04T19:57:35.198Z] DEBUG: [runtime-status] [34592] Resolved module firebase-functions {"declared":true,"installed":true,"version":"3.11.0","resolution":"/home/luuk180/Documents/Development/WebDev/luuk180.dev/functions/node_modules/firebase-functions/lib/index.js"}
[debug] [2020-09-04T19:57:35.199Z] DEBUG: [runtime-status] [34592] Resolved module firebase-functions {"declared":true,"installed":true,"version":"3.11.0","resolution":"/home/luuk180/Documents/Development/WebDev/luuk180.dev/functions/node_modules/firebase-functions/lib/index.js"}
[debug] [2020-09-04T19:57:35.200Z] DEBUG: [runtime-status] [34592] Outgoing network have been stubbed. [{"name":"http","status":"mocked"},{"name":"http","status":"mocked"},{"name":"https","status":"mocked"},{"name":"https","status":"mocked"},{"name":"net","status":"mocked"}]
[debug] [2020-09-04T19:57:35.201Z] DEBUG: [runtime-status] [34592] Resolved module firebase-functions {"declared":true,"installed":true,"version":"3.11.0","resolution":"/home/luuk180/Documents/Development/WebDev/luuk180.dev/functions/node_modules/firebase-functions/lib/index.js"}
[debug] [2020-09-04T19:57:35.225Z] DEBUG: [runtime-status] [34592] Checked functions.config() {"config":{}}
[debug] [2020-09-04T19:57:35.226Z] DEBUG: [runtime-status] [34592] firebase-functions has been stubbed. {"functionsResolution":{"declared":true,"installed":true,"version":"3.11.0","resolution":"/home/luuk180/Documents/Development/WebDev/luuk180.dev/functions/node_modules/firebase-functions/lib/index.js"}}
[debug] [2020-09-04T19:57:35.226Z] DEBUG: [runtime-status] [34592] Resolved module firebase-functions {"declared":true,"installed":true,"version":"3.11.0","resolution":"/home/luuk180/Documents/Development/WebDev/luuk180.dev/functions/node_modules/firebase-functions/lib/index.js"}
[debug] [2020-09-04T19:57:35.227Z] DEBUG: [runtime-status] [34592] Resolved module firebase-admin {"declared":true,"installed":true,"version":"8.13.0","resolution":"/home/luuk180/Documents/Development/WebDev/luuk180.dev/functions/node_modules/firebase-admin/lib/index.js"}
[debug] [2020-09-04T19:57:35.227Z] DEBUG: [runtime-status] [34592] Resolved module firebase-functions {"declared":true,"installed":true,"version":"3.11.0","resolution":"/home/luuk180/Documents/Development/WebDev/luuk180.dev/functions/node_modules/firebase-functions/lib/index.js"}
[debug] [2020-09-04T19:57:35.227Z] DEBUG: [runtime-status] [34592] firebase-admin has been stubbed. {"adminResolution":{"declared":true,"installed":true,"version":"8.13.0","resolution":"/home/luuk180/Documents/Development/WebDev/luuk180.dev/functions/node_modules/firebase-admin/lib/index.js"}}
[warn] ⚠  ReferenceError: client is not defined
    at Object.<anonymous> (/home/luuk180/Documents/Development/WebDev/luuk180.dev/functions/index.js:3:1)
    at Module._compile (internal/modules/cjs/loader.js:1075:30)
    at Object.Module._extensions..js (internal/modules/cjs/loader.js:1096:10)
    at Module.load (internal/modules/cjs/loader.js:940:32)
    at Function.Module._load (internal/modules/cjs/loader.js:781:14)
    at Module.require (internal/modules/cjs/loader.js:964:19)
    at require (internal/modules/cjs/helpers.js:88:18)
    at /usr/lib/node_modules/firebase-tools/lib/emulator/functionsEmulatorRuntime.js:681:33
    at Generator.next (<anonymous>)
    at fulfilled (/usr/lib/node_modules/firebase-tools/lib/emulator/functionsEmulatorRuntime.js:5:58) {"metadata":{"emulator":{"name":"functions"},"message":"ReferenceError: client is not defined\n    at Object.<anonymous> (/home/luuk180/Documents/Development/WebDev/luuk180.dev/functions/index.js:3:1)\n    at Module._compile (internal/modules/cjs/loader.js:1075:30)\n    at Object.Module._extensions..js (internal/modules/cjs/loader.js:1096:10)\n    at Module.load (internal/modules/cjs/loader.js:940:32)\n    at Function.Module._load (internal/modules/cjs/loader.js:781:14)\n    at Module.require (internal/modules/cjs/loader.js:964:19)\n    at require (internal/modules/cjs/helpers.js:88:18)\n    at /usr/lib/node_modules/firebase-tools/lib/emulator/functionsEmulatorRuntime.js:681:33\n    at Generator.next (<anonymous>)\n    at fulfilled (/usr/lib/node_modules/firebase-tools/lib/emulator/functionsEmulatorRuntime.js:5:58)"}}
[warn] ⚠  We were unable to load your functions code. (see above) {"metadata":{"emulator":{"name":"functions"}}}
[info] >  (node:34592) UnhandledPromiseRejectionWarning: Error [ERR_MODULE_NOT_FOUND]: Cannot find package 'setup.mjs' imported from /home/luuk180/Documents/Development/WebDev/luuk180.dev/functions/index.js {"user":"(node:34592) UnhandledPromiseRejectionWarning: Error [ERR_MODULE_NOT_FOUND]: Cannot find package 'setup.mjs' imported from /home/luuk180/Documents/Development/WebDev/luuk180.dev/functions/index.js","metadata":{"emulator":{"name":"functions"},"message":"\u001b[90m> \u001b[39m (node:34592) UnhandledPromiseRejectionWarning: Error [ERR_MODULE_NOT_FOUND]: Cannot find package 'setup.mjs' imported from /home/luuk180/Documents/Development/WebDev/luuk180.dev/functions/index.js"}}
[info] >      at packageResolve (internal/modules/esm/resolve.js:623:9) {"user":"    at packageResolve (internal/modules/esm/resolve.js:623:9)","metadata":{"emulator":{"name":"functions"},"message":"\u001b[90m> \u001b[39m     at packageResolve (internal/modules/esm/resolve.js:623:9)"}}
[info] >      at moduleResolve (internal/modules/esm/resolve.js:664:18) {"user":"    at moduleResolve (internal/modules/esm/resolve.js:664:18)","metadata":{"emulator":{"name":"functions"},"message":"\u001b[90m> \u001b[39m     at moduleResolve (internal/modules/esm/resolve.js:664:18)"}}
[info] >      at Loader.defaultResolve [as _resolve] (internal/modules/esm/resolve.js:778:11) {"user":"    at Loader.defaultResolve [as _resolve] (internal/modules/esm/resolve.js:778:11)","metadata":{"emulator":{"name":"functions"},"message":"\u001b[90m> \u001b[39m     at Loader.defaultResolve [as _resolve] (internal/modules/esm/resolve.js:778:11)"}}
[info] >      at Loader.resolve (internal/modules/esm/loader.js:85:40) {"user":"    at Loader.resolve (internal/modules/esm/loader.js:85:40)","metadata":{"emulator":{"name":"functions"},"message":"\u001b[90m> \u001b[39m     at Loader.resolve (internal/modules/esm/loader.js:85:40)"}}
[info] >      at Loader.getModuleJob (internal/modules/esm/loader.js:229:28) {"user":"    at Loader.getModuleJob (internal/modules/esm/loader.js:229:28)","metadata":{"emulator":{"name":"functions"},"message":"\u001b[90m> \u001b[39m     at Loader.getModuleJob (internal/modules/esm/loader.js:229:28)"}}
[info] >      at Loader.import (internal/modules/esm/loader.js:164:28) {"user":"    at Loader.import (internal/modules/esm/loader.js:164:28)","metadata":{"emulator":{"name":"functions"},"message":"\u001b[90m> \u001b[39m     at Loader.import (internal/modules/esm/loader.js:164:28)"}}
[info] >      at importModuleDynamically (internal/modules/cjs/loader.js:1018:27) {"user":"    at importModuleDynamically (internal/modules/cjs/loader.js:1018:27)","metadata":{"emulator":{"name":"functions"},"message":"\u001b[90m> \u001b[39m     at importModuleDynamically (internal/modules/cjs/loader.js:1018:27)"}}
[info] >      at exports.importModuleDynamicallyCallback (internal/process/esm_loader.js:30:14) {"user":"    at exports.importModuleDynamicallyCallback (internal/process/esm_loader.js:30:14)","metadata":{"emulator":{"name":"functions"},"message":"\u001b[90m> \u001b[39m     at exports.importModuleDynamicallyCallback (internal/process/esm_loader.js:30:14)"}}
[info] >      at Object.<anonymous> (/home/luuk180/Documents/Development/WebDev/luuk180.dev/functions/index.js:1:1) {"user":"    at Object.<anonymous> (/home/luuk180/Documents/Development/WebDev/luuk180.dev/functions/index.js:1:1)","metadata":{"emulator":{"name":"functions"},"message":"\u001b[90m> \u001b[39m     at Object.<anonymous> (/home/luuk180/Documents/Development/WebDev/luuk180.dev/functions/index.js:1:1)"}}
[info] >      at Module._compile (internal/modules/cjs/loader.js:1075:30) {"user":"    at Module._compile (internal/modules/cjs/loader.js:1075:30)","metadata":{"emulator":{"name":"functions"},"message":"\u001b[90m> \u001b[39m     at Module._compile (internal/modules/cjs/loader.js:1075:30)"}}
[info] >  (Use `node --trace-warnings ...` to show where the warning was created) {"user":"(Use `node --trace-warnings ...` to show where the warning was created)","metadata":{"emulator":{"name":"functions"},"message":"\u001b[90m> \u001b[39m (Use `node --trace-warnings ...` to show where the warning was created)"}}
[info] >  (node:34592) UnhandledPromiseRejectionWarning: Unhandled promise rejection. This error originated either by throwing inside of an async function without a catch block, or by rejecting a promise which was not handled with .catch(). To terminate the node process on unhandled promise rejection, use the CLI flag `--unhandled-rejections=strict` (see https://nodejs.org/api/cli.html#cli_unhandled_rejections_mode). (rejection id: 3) {"user":"(node:34592) UnhandledPromiseRejectionWarning: Unhandled promise rejection. This error originated either by throwing inside of an async function without a catch block, or by rejecting a promise which was not handled with .catch(). To terminate the node process on unhandled promise rejection, use the CLI flag `--unhandled-rejections=strict` (see https://nodejs.org/api/cli.html#cli_unhandled_rejections_mode). (rejection id: 3)","metadata":{"emulator":{"name":"functions"},"message":"\u001b[90m> \u001b[39m (node:34592) UnhandledPromiseRejectionWarning: Unhandled promise rejection. This error originated either by throwing inside of an async function without a catch block, or by rejecting a promise which was not handled with .catch(). To terminate the node process on unhandled promise rejection, use the CLI flag `--unhandled-rejections=strict` (see https://nodejs.org/api/cli.html#cli_unhandled_rejections_mode). (rejection id: 3)"}}
[info] >  (node:34592) [DEP0018] DeprecationWarning: Unhandled promise rejections are deprecated. In the future, promise rejections that are not handled will terminate the Node.js process with a non-zero exit code. {"user":"(node:34592) [DEP0018] DeprecationWarning: Unhandled promise rejections are deprecated. In the future, promise rejections that are not handled will terminate the Node.js process with a non-zero exit code.","metadata":{"emulator":{"name":"functions"},"message":"\u001b[90m> \u001b[39m (node:34592) [DEP0018] DeprecationWarning: Unhandled promise rejections are deprecated. In the future, promise rejections that are not handled will terminate the Node.js process with a non-zero exit code."}}
[debug] [2020-09-04T19:57:35.245Z] DEBUG: [worker-~diagnostic~-8644d2e6-191a-4374-9fbc-3f6ccd7fa188]: exited
[debug] [2020-09-04T19:57:35.246Z] DEBUG: [worker-~diagnostic~-8644d2e6-191a-4374-9fbc-3f6ccd7fa188]: FINISHED
[debug] [2020-09-04T19:58:28.171Z] ----------------------------------------------------------------------
[debug] [2020-09-04T19:58:28.172Z] Command:       /usr/bin/node /usr/bin/firebase functions:shell
[debug] [2020-09-04T19:58:28.172Z] CLI Version:   8.10.0
[debug] [2020-09-04T19:58:28.172Z] Platform:      linux
[debug] [2020-09-04T19:58:28.173Z] Node Version:  v14.9.0
[debug] [2020-09-04T19:58:28.173Z] Time:          Fri Sep 04 2020 21:58:28 GMT+0200 (Central European Summer Time)
[debug] [2020-09-04T19:58:28.173Z] ----------------------------------------------------------------------
[debug] [2020-09-04T19:58:28.173Z] 
[debug] [2020-09-04T19:58:28.178Z] > command requires scopes: ["email","openid","https://www.googleapis.com/auth/cloudplatformprojects.readonly","https://www.googleapis.com/auth/firebase","https://www.googleapis.com/auth/cloud-platform"]
[debug] [2020-09-04T19:58:28.178Z] > authorizing via signed-in user
[debug] [2020-09-04T19:58:28.178Z] [iam] checking project luuk180-dev for permissions ["firebase.projects.get"]
[debug] [2020-09-04T19:58:28.180Z] >>> HTTP REQUEST POST https://cloudresourcemanager.googleapis.com/v1/projects/luuk180-dev:testIamPermissions  
 {"permissions":["firebase.projects.get"]}
[debug] [2020-09-04T19:58:28.845Z] <<< HTTP RESPONSE 200 {"content-type":"application/json; charset=UTF-8","vary":"X-Origin, Referer, Origin,Accept-Encoding","date":"Fri, 04 Sep 2020 19:58:28 GMT","server":"ESF","cache-control":"private","x-xss-protection":"0","x-frame-options":"SAMEORIGIN","x-content-type-options":"nosniff","server-timing":"gfet4t7; dur=637","alt-svc":"h3-29=\":443\"; ma=2592000,h3-27=\":443\"; ma=2592000,h3-T051=\":443\"; ma=2592000,h3-T050=\":443\"; ma=2592000,h3-Q050=\":443\"; ma=2592000,h3-Q046=\":443\"; ma=2592000,h3-Q043=\":443\"; ma=2592000,quic=\":443\"; ma=2592000; v=\"46,43\"","accept-ranges":"none","transfer-encoding":"chunked"}
[warn] ⚠  Your requested "node" version "10" doesn't match your global version "14" {"metadata":{"emulator":{"name":"functions"},"message":"Your requested \"node\" version \"10\" doesn't match your global version \"14\""}}
[debug] [2020-09-04T19:58:28.855Z] defaultcredentials: writing to file /home/luuk180/.config/firebase/luuk_volkering_gmail.com_application_default_credentials.json
[debug] [2020-09-04T19:58:28.856Z] DEBUG: Setting GAC to /home/luuk180/.config/firebase/luuk_volkering_gmail.com_application_default_credentials.json
[debug] [2020-09-04T19:58:28.861Z] [functions] Watching "/home/luuk180/Documents/Development/WebDev/luuk180.dev/functions" for Cloud Functions...
[debug] [2020-09-04T19:58:28.871Z] DEBUG: [worker-pool] addWorker(~diagnostic~)
[debug] [2020-09-04T19:58:28.871Z] DEBUG: [worker-pool] Adding worker with key ~diagnostic~, total=1
[debug] [2020-09-04T19:58:28.871Z] DEBUG: [worker-pool] submitWork(triggerId=)
[debug] [2020-09-04T19:58:28.871Z] DEBUG: [worker-~diagnostic~-d69a598c-4b49-4d8a-9c4a-00c5ff9509d6]: Assigning socketPath: /tmp/fire_emu_34711.sock
[debug] [2020-09-04T19:58:28.872Z] DEBUG: [worker-~diagnostic~-d69a598c-4b49-4d8a-9c4a-00c5ff9509d6]: BUSY
[debug] [2020-09-04T19:58:29.049Z] DEBUG: [runtime-status] [34711] Functions runtime initialized. {"cwd":"/home/luuk180/Documents/Development/WebDev/luuk180.dev/functions","node_version":"14.9.0"}
[debug] [2020-09-04T19:58:29.050Z] DEBUG: [runtime-status] [34711] Disabled runtime features: undefined
[debug] [2020-09-04T19:58:29.051Z] DEBUG: [runtime-status] [34711] Resolved module firebase-admin {"declared":true,"installed":true,"version":"8.13.0","resolution":"/home/luuk180/Documents/Development/WebDev/luuk180.dev/functions/node_modules/firebase-admin/lib/index.js"}
[debug] [2020-09-04T19:58:29.052Z] DEBUG: [runtime-status] [34711] Resolved module firebase-functions {"declared":true,"installed":true,"version":"3.11.0","resolution":"/home/luuk180/Documents/Development/WebDev/luuk180.dev/functions/node_modules/firebase-functions/lib/index.js"}
[debug] [2020-09-04T19:58:29.053Z] DEBUG: [runtime-status] [34711] Resolved module firebase-functions {"declared":true,"installed":true,"version":"3.11.0","resolution":"/home/luuk180/Documents/Development/WebDev/luuk180.dev/functions/node_modules/firebase-functions/lib/index.js"}
[debug] [2020-09-04T19:58:29.054Z] DEBUG: [runtime-status] [34711] Outgoing network have been stubbed. [{"name":"http","status":"mocked"},{"name":"http","status":"mocked"},{"name":"https","status":"mocked"},{"name":"https","status":"mocked"},{"name":"net","status":"mocked"}]
[debug] [2020-09-04T19:58:29.055Z] DEBUG: [runtime-status] [34711] Resolved module firebase-functions {"declared":true,"installed":true,"version":"3.11.0","resolution":"/home/luuk180/Documents/Development/WebDev/luuk180.dev/functions/node_modules/firebase-functions/lib/index.js"}
[debug] [2020-09-04T19:58:29.080Z] DEBUG: [runtime-status] [34711] Checked functions.config() {"config":{}}
[debug] [2020-09-04T19:58:29.080Z] DEBUG: [runtime-status] [34711] firebase-functions has been stubbed. {"functionsResolution":{"declared":true,"installed":true,"version":"3.11.0","resolution":"/home/luuk180/Documents/Development/WebDev/luuk180.dev/functions/node_modules/firebase-functions/lib/index.js"}}
[debug] [2020-09-04T19:58:29.081Z] DEBUG: [runtime-status] [34711] Resolved module firebase-functions {"declared":true,"installed":true,"version":"3.11.0","resolution":"/home/luuk180/Documents/Development/WebDev/luuk180.dev/functions/node_modules/firebase-functions/lib/index.js"}
[debug] [2020-09-04T19:58:29.081Z] DEBUG: [runtime-status] [34711] Resolved module firebase-admin {"declared":true,"installed":true,"version":"8.13.0","resolution":"/home/luuk180/Documents/Development/WebDev/luuk180.dev/functions/node_modules/firebase-admin/lib/index.js"}
[debug] [2020-09-04T19:58:29.081Z] DEBUG: [runtime-status] [34711] Resolved module firebase-functions {"declared":true,"installed":true,"version":"3.11.0","resolution":"/home/luuk180/Documents/Development/WebDev/luuk180.dev/functions/node_modules/firebase-functions/lib/index.js"}
[debug] [2020-09-04T19:58:29.082Z] DEBUG: [runtime-status] [34711] firebase-admin has been stubbed. {"adminResolution":{"declared":true,"installed":true,"version":"8.13.0","resolution":"/home/luuk180/Documents/Development/WebDev/luuk180.dev/functions/node_modules/firebase-admin/lib/index.js"}}
[warn] ⚠  ReferenceError: client is not defined
    at Object.<anonymous> (/home/luuk180/Documents/Development/WebDev/luuk180.dev/functions/index.js:3:1)
    at Module._compile (internal/modules/cjs/loader.js:1075:30)
    at Object.Module._extensions..js (internal/modules/cjs/loader.js:1096:10)
    at Module.load (internal/modules/cjs/loader.js:940:32)
    at Function.Module._load (internal/modules/cjs/loader.js:781:14)
    at Module.require (internal/modules/cjs/loader.js:964:19)
    at require (internal/modules/cjs/helpers.js:88:18)
    at /usr/lib/node_modules/firebase-tools/lib/emulator/functionsEmulatorRuntime.js:681:33
    at Generator.next (<anonymous>)
    at fulfilled (/usr/lib/node_modules/firebase-tools/lib/emulator/functionsEmulatorRuntime.js:5:58) {"metadata":{"emulator":{"name":"functions"},"message":"ReferenceError: client is not defined\n    at Object.<anonymous> (/home/luuk180/Documents/Development/WebDev/luuk180.dev/functions/index.js:3:1)\n    at Module._compile (internal/modules/cjs/loader.js:1075:30)\n    at Object.Module._extensions..js (internal/modules/cjs/loader.js:1096:10)\n    at Module.load (internal/modules/cjs/loader.js:940:32)\n    at Function.Module._load (internal/modules/cjs/loader.js:781:14)\n    at Module.require (internal/modules/cjs/loader.js:964:19)\n    at require (internal/modules/cjs/helpers.js:88:18)\n    at /usr/lib/node_modules/firebase-tools/lib/emulator/functionsEmulatorRuntime.js:681:33\n    at Generator.next (<anonymous>)\n    at fulfilled (/usr/lib/node_modules/firebase-tools/lib/emulator/functionsEmulatorRuntime.js:5:58)"}}
[warn] ⚠  We were unable to load your functions code. (see above) {"metadata":{"emulator":{"name":"functions"}}}
[info] >  (node:34711) UnhandledPromiseRejectionWarning: file:///home/luuk180/Documents/Development/WebDev/luuk180.dev/functions/setup.mjs:6 {"user":"(node:34711) UnhandledPromiseRejectionWarning: file:///home/luuk180/Documents/Development/WebDev/luuk180.dev/functions/setup.mjs:6","metadata":{"emulator":{"name":"functions"},"message":"\u001b[90m> \u001b[39m (node:34711) UnhandledPromiseRejectionWarning: file:///home/luuk180/Documents/Development/WebDev/luuk180.dev/functions/setup.mjs:6"}}
[info] >  import { ApolloClient,	InMemoryCache } from '@apollo/client'; {"user":"import { ApolloClient,\tInMemoryCache } from '@apollo/client';","metadata":{"emulator":{"name":"functions"},"message":"\u001b[90m> \u001b[39m import { ApolloClient,\tInMemoryCache } from '@apollo/client';"}}
[info] >           ^^^^^^^^^^^^ {"user":"         ^^^^^^^^^^^^","metadata":{"emulator":{"name":"functions"},"message":"\u001b[90m> \u001b[39m          ^^^^^^^^^^^^"}}
[info] >  SyntaxError: The requested module '@apollo/client' is expected to be of type CommonJS, which does not support named exports. CommonJS modules can be imported by importing the default export. {"user":"SyntaxError: The requested module '@apollo/client' is expected to be of type CommonJS, which does not support named exports. CommonJS modules can be imported by importing the default export.","metadata":{"emulator":{"name":"functions"},"message":"\u001b[90m> \u001b[39m SyntaxError: The requested module '@apollo/client' is expected to be of type CommonJS, which does not support named exports. CommonJS modules can be imported by importing the default export."}}
[info] >  For example: {"user":"For example:","metadata":{"emulator":{"name":"functions"},"message":"\u001b[90m> \u001b[39m For example:"}}
[info] >  import pkg from '@apollo/client'; {"user":"import pkg from '@apollo/client';","metadata":{"emulator":{"name":"functions"},"message":"\u001b[90m> \u001b[39m import pkg from '@apollo/client';"}}
[info] >  const { ApolloClient,	InMemoryCache } = pkg; {"user":"const { ApolloClient,\tInMemoryCache } = pkg;","metadata":{"emulator":{"name":"functions"},"message":"\u001b[90m> \u001b[39m const { ApolloClient,\tInMemoryCache } = pkg;"}}
[info] >      at ModuleJob._instantiate (internal/modules/esm/module_job.js:98:21) {"user":"    at ModuleJob._instantiate (internal/modules/esm/module_job.js:98:21)","metadata":{"emulator":{"name":"functions"},"message":"\u001b[90m> \u001b[39m     at ModuleJob._instantiate (internal/modules/esm/module_job.js:98:21)"}}
[info] >      at async ModuleJob.run (internal/modules/esm/module_job.js:137:5) {"user":"    at async ModuleJob.run (internal/modules/esm/module_job.js:137:5)","metadata":{"emulator":{"name":"functions"},"message":"\u001b[90m> \u001b[39m     at async ModuleJob.run (internal/modules/esm/module_job.js:137:5)"}}
[info] >      at async Loader.import (internal/modules/esm/loader.js:165:24) {"user":"    at async Loader.import (internal/modules/esm/loader.js:165:24)","metadata":{"emulator":{"name":"functions"},"message":"\u001b[90m> \u001b[39m     at async Loader.import (internal/modules/esm/loader.js:165:24)"}}
[info] >  (Use `node --trace-warnings ...` to show where the warning was created) {"user":"(Use `node --trace-warnings ...` to show where the warning was created)","metadata":{"emulator":{"name":"functions"},"message":"\u001b[90m> \u001b[39m (Use `node --trace-warnings ...` to show where the warning was created)"}}
[info] >  (node:34711) UnhandledPromiseRejectionWarning: Unhandled promise rejection. This error originated either by throwing inside of an async function without a catch block, or by rejecting a promise which was not handled with .catch(). To terminate the node process on unhandled promise rejection, use the CLI flag `--unhandled-rejections=strict` (see https://nodejs.org/api/cli.html#cli_unhandled_rejections_mode). (rejection id: 2) {"user":"(node:34711) UnhandledPromiseRejectionWarning: Unhandled promise rejection. This error originated either by throwing inside of an async function without a catch block, or by rejecting a promise which was not handled with .catch(). To terminate the node process on unhandled promise rejection, use the CLI flag `--unhandled-rejections=strict` (see https://nodejs.org/api/cli.html#cli_unhandled_rejections_mode). (rejection id: 2)","metadata":{"emulator":{"name":"functions"},"message":"\u001b[90m> \u001b[39m (node:34711) UnhandledPromiseRejectionWarning: Unhandled promise rejection. This error originated either by throwing inside of an async function without a catch block, or by rejecting a promise which was not handled with .catch(). To terminate the node process on unhandled promise rejection, use the CLI flag `--unhandled-rejections=strict` (see https://nodejs.org/api/cli.html#cli_unhandled_rejections_mode). (rejection id: 2)"}}
[info] >  (node:34711) [DEP0018] DeprecationWarning: Unhandled promise rejections are deprecated. In the future, promise rejections that are not handled will terminate the Node.js process with a non-zero exit code. {"user":"(node:34711) [DEP0018] DeprecationWarning: Unhandled promise rejections are deprecated. In the future, promise rejections that are not handled will terminate the Node.js process with a non-zero exit code.","metadata":{"emulator":{"name":"functions"},"message":"\u001b[90m> \u001b[39m (node:34711) [DEP0018] DeprecationWarning: Unhandled promise rejections are deprecated. In the future, promise rejections that are not handled will terminate the Node.js process with a non-zero exit code."}}
[debug] [2020-09-04T19:58:29.102Z] DEBUG: [worker-~diagnostic~-d69a598c-4b49-4d8a-9c4a-00c5ff9509d6]: exited
[debug] [2020-09-04T19:58:29.102Z] DEBUG: [worker-~diagnostic~-d69a598c-4b49-4d8a-9c4a-00c5ff9509d6]: FINISHED
[debug] [2020-09-04T19:59:45.369Z] ----------------------------------------------------------------------
[debug] [2020-09-04T19:59:45.370Z] Command:       /usr/bin/node /usr/bin/firebase functions:shell
[debug] [2020-09-04T19:59:45.371Z] CLI Version:   8.10.0
[debug] [2020-09-04T19:59:45.371Z] Platform:      linux
[debug] [2020-09-04T19:59:45.371Z] Node Version:  v14.9.0
[debug] [2020-09-04T19:59:45.371Z] Time:          Fri Sep 04 2020 21:59:45 GMT+0200 (Central European Summer Time)
[debug] [2020-09-04T19:59:45.371Z] ----------------------------------------------------------------------
[debug] [2020-09-04T19:59:45.371Z] 
[debug] [2020-09-04T19:59:45.376Z] > command requires scopes: ["email","openid","https://www.googleapis.com/auth/cloudplatformprojects.readonly","https://www.googleapis.com/auth/firebase","https://www.googleapis.com/auth/cloud-platform"]
[debug] [2020-09-04T19:59:45.376Z] > authorizing via signed-in user
[debug] [2020-09-04T19:59:45.376Z] [iam] checking project luuk180-dev for permissions ["firebase.projects.get"]
[debug] [2020-09-04T19:59:45.378Z] > refreshing access token with scopes: ["email","https://www.googleapis.com/auth/cloud-platform","https://www.googleapis.com/auth/cloudplatformprojects.readonly","https://www.googleapis.com/auth/firebase","openid"]
[debug] [2020-09-04T19:59:45.378Z] >>> HTTP REQUEST POST https://www.googleapis.com/oauth2/v3/token  
 <request body omitted>
[debug] [2020-09-04T19:59:45.456Z] <<< HTTP RESPONSE 200 {"content-type":"application/json; charset=utf-8","vary":"X-Origin, Referer, Origin,Accept-Encoding","date":"Fri, 04 Sep 2020 19:59:45 GMT","server":"scaffolding on HTTPServer2","cache-control":"private","x-xss-protection":"0","x-frame-options":"SAMEORIGIN","x-content-type-options":"nosniff","alt-svc":"h3-29=\":443\"; ma=2592000,h3-27=\":443\"; ma=2592000,h3-T051=\":443\"; ma=2592000,h3-T050=\":443\"; ma=2592000,h3-Q050=\":443\"; ma=2592000,h3-Q046=\":443\"; ma=2592000,h3-Q043=\":443\"; ma=2592000,quic=\":443\"; ma=2592000; v=\"46,43\"","accept-ranges":"none","transfer-encoding":"chunked"}
[debug] [2020-09-04T19:59:45.461Z] >>> HTTP REQUEST POST https://cloudresourcemanager.googleapis.com/v1/projects/luuk180-dev:testIamPermissions  
 {"permissions":["firebase.projects.get"]}
[debug] [2020-09-04T19:59:46.060Z] <<< HTTP RESPONSE 200 {"content-type":"application/json; charset=UTF-8","vary":"X-Origin, Referer, Origin,Accept-Encoding","date":"Fri, 04 Sep 2020 19:59:46 GMT","server":"ESF","cache-control":"private","x-xss-protection":"0","x-frame-options":"SAMEORIGIN","x-content-type-options":"nosniff","server-timing":"gfet4t7; dur=585","alt-svc":"h3-29=\":443\"; ma=2592000,h3-27=\":443\"; ma=2592000,h3-T051=\":443\"; ma=2592000,h3-T050=\":443\"; ma=2592000,h3-Q050=\":443\"; ma=2592000,h3-Q046=\":443\"; ma=2592000,h3-Q043=\":443\"; ma=2592000,quic=\":443\"; ma=2592000; v=\"46,43\"","accept-ranges":"none","transfer-encoding":"chunked"}
[warn] ⚠  Your requested "node" version "10" doesn't match your global version "14" {"metadata":{"emulator":{"name":"functions"},"message":"Your requested \"node\" version \"10\" doesn't match your global version \"14\""}}
[debug] [2020-09-04T19:59:46.069Z] defaultcredentials: writing to file /home/luuk180/.config/firebase/luuk_volkering_gmail.com_application_default_credentials.json
[debug] [2020-09-04T19:59:46.070Z] DEBUG: Setting GAC to /home/luuk180/.config/firebase/luuk_volkering_gmail.com_application_default_credentials.json
[debug] [2020-09-04T19:59:46.076Z] [functions] Watching "/home/luuk180/Documents/Development/WebDev/luuk180.dev/functions" for Cloud Functions...
[debug] [2020-09-04T19:59:46.084Z] DEBUG: [worker-pool] addWorker(~diagnostic~)
[debug] [2020-09-04T19:59:46.085Z] DEBUG: [worker-pool] Adding worker with key ~diagnostic~, total=1
[debug] [2020-09-04T19:59:46.085Z] DEBUG: [worker-pool] submitWork(triggerId=)
[debug] [2020-09-04T19:59:46.085Z] DEBUG: [worker-~diagnostic~-6bb88d92-5f4a-497f-91ee-9064240f8906]: Assigning socketPath: /tmp/fire_emu_34865.sock
[debug] [2020-09-04T19:59:46.085Z] DEBUG: [worker-~diagnostic~-6bb88d92-5f4a-497f-91ee-9064240f8906]: BUSY
[debug] [2020-09-04T19:59:46.261Z] DEBUG: [runtime-status] [34865] Functions runtime initialized. {"cwd":"/home/luuk180/Documents/Development/WebDev/luuk180.dev/functions","node_version":"14.9.0"}
[debug] [2020-09-04T19:59:46.262Z] DEBUG: [runtime-status] [34865] Disabled runtime features: undefined
[debug] [2020-09-04T19:59:46.264Z] DEBUG: [runtime-status] [34865] Resolved module firebase-admin {"declared":true,"installed":true,"version":"8.13.0","resolution":"/home/luuk180/Documents/Development/WebDev/luuk180.dev/functions/node_modules/firebase-admin/lib/index.js"}
[debug] [2020-09-04T19:59:46.265Z] DEBUG: [runtime-status] [34865] Resolved module firebase-functions {"declared":true,"installed":true,"version":"3.11.0","resolution":"/home/luuk180/Documents/Development/WebDev/luuk180.dev/functions/node_modules/firebase-functions/lib/index.js"}
[debug] [2020-09-04T19:59:46.265Z] DEBUG: [runtime-status] [34865] Resolved module firebase-functions {"declared":true,"installed":true,"version":"3.11.0","resolution":"/home/luuk180/Documents/Development/WebDev/luuk180.dev/functions/node_modules/firebase-functions/lib/index.js"}
[debug] [2020-09-04T19:59:46.267Z] DEBUG: [runtime-status] [34865] Outgoing network have been stubbed. [{"name":"http","status":"mocked"},{"name":"http","status":"mocked"},{"name":"https","status":"mocked"},{"name":"https","status":"mocked"},{"name":"net","status":"mocked"}]
[debug] [2020-09-04T19:59:46.267Z] DEBUG: [runtime-status] [34865] Resolved module firebase-functions {"declared":true,"installed":true,"version":"3.11.0","resolution":"/home/luuk180/Documents/Development/WebDev/luuk180.dev/functions/node_modules/firebase-functions/lib/index.js"}
[debug] [2020-09-04T19:59:46.293Z] DEBUG: [runtime-status] [34865] Checked functions.config() {"config":{}}
[debug] [2020-09-04T19:59:46.293Z] DEBUG: [runtime-status] [34865] firebase-functions has been stubbed. {"functionsResolution":{"declared":true,"installed":true,"version":"3.11.0","resolution":"/home/luuk180/Documents/Development/WebDev/luuk180.dev/functions/node_modules/firebase-functions/lib/index.js"}}
[debug] [2020-09-04T19:59:46.293Z] DEBUG: [runtime-status] [34865] Resolved module firebase-functions {"declared":true,"installed":true,"version":"3.11.0","resolution":"/home/luuk180/Documents/Development/WebDev/luuk180.dev/functions/node_modules/firebase-functions/lib/index.js"}
[debug] [2020-09-04T19:59:46.293Z] DEBUG: [runtime-status] [34865] Resolved module firebase-admin {"declared":true,"installed":true,"version":"8.13.0","resolution":"/home/luuk180/Documents/Development/WebDev/luuk180.dev/functions/node_modules/firebase-admin/lib/index.js"}
[debug] [2020-09-04T19:59:46.294Z] DEBUG: [runtime-status] [34865] Resolved module firebase-functions {"declared":true,"installed":true,"version":"3.11.0","resolution":"/home/luuk180/Documents/Development/WebDev/luuk180.dev/functions/node_modules/firebase-functions/lib/index.js"}
[debug] [2020-09-04T19:59:46.294Z] DEBUG: [runtime-status] [34865] firebase-admin has been stubbed. {"adminResolution":{"declared":true,"installed":true,"version":"8.13.0","resolution":"/home/luuk180/Documents/Development/WebDev/luuk180.dev/functions/node_modules/firebase-admin/lib/index.js"}}
[warn] ⚠  ReferenceError: client is not defined
    at Object.<anonymous> (/home/luuk180/Documents/Development/WebDev/luuk180.dev/functions/index.js:3:1)
    at Module._compile (internal/modules/cjs/loader.js:1075:30)
    at Object.Module._extensions..js (internal/modules/cjs/loader.js:1096:10)
    at Module.load (internal/modules/cjs/loader.js:940:32)
    at Function.Module._load (internal/modules/cjs/loader.js:781:14)
    at Module.require (internal/modules/cjs/loader.js:964:19)
    at require (internal/modules/cjs/helpers.js:88:18)
    at /usr/lib/node_modules/firebase-tools/lib/emulator/functionsEmulatorRuntime.js:681:33
    at Generator.next (<anonymous>)
    at fulfilled (/usr/lib/node_modules/firebase-tools/lib/emulator/functionsEmulatorRuntime.js:5:58) {"metadata":{"emulator":{"name":"functions"},"message":"ReferenceError: client is not defined\n    at Object.<anonymous> (/home/luuk180/Documents/Development/WebDev/luuk180.dev/functions/index.js:3:1)\n    at Module._compile (internal/modules/cjs/loader.js:1075:30)\n    at Object.Module._extensions..js (internal/modules/cjs/loader.js:1096:10)\n    at Module.load (internal/modules/cjs/loader.js:940:32)\n    at Function.Module._load (internal/modules/cjs/loader.js:781:14)\n    at Module.require (internal/modules/cjs/loader.js:964:19)\n    at require (internal/modules/cjs/helpers.js:88:18)\n    at /usr/lib/node_modules/firebase-tools/lib/emulator/functionsEmulatorRuntime.js:681:33\n    at Generator.next (<anonymous>)\n    at fulfilled (/usr/lib/node_modules/firebase-tools/lib/emulator/functionsEmulatorRuntime.js:5:58)"}}
[warn] ⚠  We were unable to load your functions code. (see above) {"metadata":{"emulator":{"name":"functions"}}}
[info] >  (node:34865) UnhandledPromiseRejectionWarning: SyntaxError: Missing initializer in destructuring declaration {"user":"(node:34865) UnhandledPromiseRejectionWarning: SyntaxError: Missing initializer in destructuring declaration","metadata":{"emulator":{"name":"functions"},"message":"\u001b[90m> \u001b[39m (node:34865) UnhandledPromiseRejectionWarning: SyntaxError: Missing initializer in destructuring declaration"}}
[info] >      at Loader.moduleStrategy (internal/modules/esm/translators.js:117:18) {"user":"    at Loader.moduleStrategy (internal/modules/esm/translators.js:117:18)","metadata":{"emulator":{"name":"functions"},"message":"\u001b[90m> \u001b[39m     at Loader.moduleStrategy (internal/modules/esm/translators.js:117:18)"}}
[info] >      at async link (internal/modules/esm/module_job.js:42:21) {"user":"    at async link (internal/modules/esm/module_job.js:42:21)","metadata":{"emulator":{"name":"functions"},"message":"\u001b[90m> \u001b[39m     at async link (internal/modules/esm/module_job.js:42:21)"}}
[info] >  (Use `node --trace-warnings ...` to show where the warning was created) {"user":"(Use `node --trace-warnings ...` to show where the warning was created)","metadata":{"emulator":{"name":"functions"},"message":"\u001b[90m> \u001b[39m (Use `node --trace-warnings ...` to show where the warning was created)"}}
[info] >  (node:34865) UnhandledPromiseRejectionWarning: Unhandled promise rejection. This error originated either by throwing inside of an async function without a catch block, or by rejecting a promise which was not handled with .catch(). To terminate the node process on unhandled promise rejection, use the CLI flag `--unhandled-rejections=strict` (see https://nodejs.org/api/cli.html#cli_unhandled_rejections_mode). (rejection id: 2) {"user":"(node:34865) UnhandledPromiseRejectionWarning: Unhandled promise rejection. This error originated either by throwing inside of an async function without a catch block, or by rejecting a promise which was not handled with .catch(). To terminate the node process on unhandled promise rejection, use the CLI flag `--unhandled-rejections=strict` (see https://nodejs.org/api/cli.html#cli_unhandled_rejections_mode). (rejection id: 2)","metadata":{"emulator":{"name":"functions"},"message":"\u001b[90m> \u001b[39m (node:34865) UnhandledPromiseRejectionWarning: Unhandled promise rejection. This error originated either by throwing inside of an async function without a catch block, or by rejecting a promise which was not handled with .catch(). To terminate the node process on unhandled promise rejection, use the CLI flag `--unhandled-rejections=strict` (see https://nodejs.org/api/cli.html#cli_unhandled_rejections_mode). (rejection id: 2)"}}
[info] >  (node:34865) [DEP0018] DeprecationWarning: Unhandled promise rejections are deprecated. In the future, promise rejections that are not handled will terminate the Node.js process with a non-zero exit code. {"user":"(node:34865) [DEP0018] DeprecationWarning: Unhandled promise rejections are deprecated. In the future, promise rejections that are not handled will terminate the Node.js process with a non-zero exit code.","metadata":{"emulator":{"name":"functions"},"message":"\u001b[90m> \u001b[39m (node:34865) [DEP0018] DeprecationWarning: Unhandled promise rejections are deprecated. In the future, promise rejections that are not handled will terminate the Node.js process with a non-zero exit code."}}
[debug] [2020-09-04T19:59:46.312Z] DEBUG: [worker-~diagnostic~-6bb88d92-5f4a-497f-91ee-9064240f8906]: exited
[debug] [2020-09-04T19:59:46.313Z] DEBUG: [worker-~diagnostic~-6bb88d92-5f4a-497f-91ee-9064240f8906]: FINISHED
