[debug] [2020-09-12T17:24:05.537Z] ----------------------------------------------------------------------
[debug] [2020-09-12T17:24:05.538Z] Command:       /usr/bin/node /usr/bin/firebase deploy --only functions
[debug] [2020-09-12T17:24:05.539Z] CLI Version:   8.10.0
[debug] [2020-09-12T17:24:05.539Z] Platform:      linux
[debug] [2020-09-12T17:24:05.539Z] Node Version:  v14.10.1
[debug] [2020-09-12T17:24:05.539Z] Time:          Sat Sep 12 2020 19:24:05 GMT+0200 (Central European Summer Time)
[debug] [2020-09-12T17:24:05.539Z] ----------------------------------------------------------------------
[debug] [2020-09-12T17:24:05.539Z] 
[debug] [2020-09-12T17:24:05.544Z] > command requires scopes: ["email","openid","https://www.googleapis.com/auth/cloudplatformprojects.readonly","https://www.googleapis.com/auth/firebase","https://www.googleapis.com/auth/cloud-platform"]
[debug] [2020-09-12T17:24:05.544Z] > authorizing via signed-in user
[debug] [2020-09-12T17:24:05.544Z] [iam] checking project luuk180-dev for permissions ["cloudfunctions.functions.create","cloudfunctions.functions.delete","cloudfunctions.functions.get","cloudfunctions.functions.list","cloudfunctions.functions.update","cloudfunctions.operations.get","firebase.projects.get"]
[debug] [2020-09-12T17:24:05.546Z] >>> HTTP REQUEST POST https://cloudresourcemanager.googleapis.com/v1/projects/luuk180-dev:testIamPermissions  
 {"permissions":["cloudfunctions.functions.create","cloudfunctions.functions.delete","cloudfunctions.functions.get","cloudfunctions.functions.list","cloudfunctions.functions.update","cloudfunctions.operations.get","firebase.projects.get"]}
[debug] [2020-09-12T17:24:06.153Z] <<< HTTP RESPONSE 200 {"content-type":"application/json; charset=UTF-8","vary":"X-Origin, Referer, Origin,Accept-Encoding","date":"Sat, 12 Sep 2020 17:24:06 GMT","server":"ESF","cache-control":"private","x-xss-protection":"0","x-frame-options":"SAMEORIGIN","x-content-type-options":"nosniff","server-timing":"gfet4t7; dur=574","alt-svc":"h3-29=\":443\"; ma=2592000,h3-27=\":443\"; ma=2592000,h3-T051=\":443\"; ma=2592000,h3-T050=\":443\"; ma=2592000,h3-Q050=\":443\"; ma=2592000,h3-Q046=\":443\"; ma=2592000,h3-Q043=\":443\"; ma=2592000,quic=\":443\"; ma=2592000; v=\"46,43\"","accept-ranges":"none","transfer-encoding":"chunked"}
[debug] [2020-09-12T17:24:06.154Z] >>> HTTP REQUEST POST https://iam.googleapis.com/v1/projects/luuk180-dev/serviceAccounts/luuk180-dev@appspot.gserviceaccount.com:testIamPermissions  
 {"permissions":["iam.serviceAccounts.actAs"]}
[debug] [2020-09-12T17:24:06.783Z] <<< HTTP RESPONSE 200 {"content-type":"application/json; charset=UTF-8","vary":"X-Origin, Referer, Origin,Accept-Encoding","date":"Sat, 12 Sep 2020 17:24:06 GMT","server":"ESF","cache-control":"private","x-xss-protection":"0","x-frame-options":"SAMEORIGIN","x-content-type-options":"nosniff","alt-svc":"h3-29=\":443\"; ma=2592000,h3-27=\":443\"; ma=2592000,h3-T051=\":443\"; ma=2592000,h3-T050=\":443\"; ma=2592000,h3-Q050=\":443\"; ma=2592000,h3-Q046=\":443\"; ma=2592000,h3-Q043=\":443\"; ma=2592000,quic=\":443\"; ma=2592000; v=\"46,43\"","accept-ranges":"none","transfer-encoding":"chunked"}
[info] 
[info] === Deploying to 'luuk180-dev'...
[info] 
[info] i  deploying functions 
[debug] [2020-09-12T17:24:10.450Z] > [functions] package.json contents: {
  "name": "functions",
  "description": "Cloud Functions for Firebase",
  "scripts": {
    "lint": "eslint .",
    "serve": "firebase emulators:start --only functions",
    "shell": "firebase functions:shell",
    "start": "npm run shell",
    "deploy": "firebase deploy --only functions",
    "logs": "firebase functions:log"
  },
  "engines": {
    "node": "10"
  },
  "main": "index.js",
  "dependencies": {
    "firebase-admin": "^8.10.0",
    "firebase-functions": "^3.6.1",
    "node-fetch": "^2.6.1"
  },
  "devDependencies": {
    "eslint": "^5.12.0",
    "eslint-plugin-promise": "^4.0.1",
    "firebase-functions-test": "^0.2.0"
  },
  "private": true
}
[info] i  functions: ensuring required API cloudfunctions.googleapis.com is enabled... 
[info] i  functions: ensuring required API cloudbuild.googleapis.com is enabled... 
[debug] [2020-09-12T17:24:11.355Z] >>> HTTP REQUEST GET https://serviceusage.googleapis.com/v1/projects/luuk180-dev/services/cloudfunctions.googleapis.com  
 
[debug] [2020-09-12T17:24:11.355Z] >>> HTTP REQUEST GET https://serviceusage.googleapis.com/v1/projects/luuk180-dev/services/runtimeconfig.googleapis.com  
 
[debug] [2020-09-12T17:24:11.355Z] >>> HTTP REQUEST GET https://serviceusage.googleapis.com/v1/projects/luuk180-dev/services/cloudbuild.googleapis.com  
 
[debug] [2020-09-12T17:24:12.073Z] <<< HTTP RESPONSE 200 {"content-type":"application/json; charset=UTF-8","vary":"X-Origin, Referer, Origin,Accept-Encoding","date":"Sat, 12 Sep 2020 17:24:12 GMT","server":"ESF","cache-control":"private","x-xss-protection":"0","x-frame-options":"SAMEORIGIN","x-content-type-options":"nosniff","alt-svc":"h3-29=\":443\"; ma=2592000,h3-27=\":443\"; ma=2592000,h3-T051=\":443\"; ma=2592000,h3-T050=\":443\"; ma=2592000,h3-Q050=\":443\"; ma=2592000,h3-Q046=\":443\"; ma=2592000,h3-Q043=\":443\"; ma=2592000,quic=\":443\"; ma=2592000; v=\"46,43\"","accept-ranges":"none","transfer-encoding":"chunked"}
[info] ✔  functions: required API cloudbuild.googleapis.com is enabled 
[debug] [2020-09-12T17:24:12.103Z] <<< HTTP RESPONSE 200 {"content-type":"application/json; charset=UTF-8","vary":"X-Origin, Referer, Origin,Accept-Encoding","date":"Sat, 12 Sep 2020 17:24:12 GMT","server":"ESF","cache-control":"private","x-xss-protection":"0","x-frame-options":"SAMEORIGIN","x-content-type-options":"nosniff","alt-svc":"h3-29=\":443\"; ma=2592000,h3-27=\":443\"; ma=2592000,h3-T051=\":443\"; ma=2592000,h3-T050=\":443\"; ma=2592000,h3-Q050=\":443\"; ma=2592000,h3-Q046=\":443\"; ma=2592000,h3-Q043=\":443\"; ma=2592000,quic=\":443\"; ma=2592000; v=\"46,43\"","accept-ranges":"none","transfer-encoding":"chunked"}
[debug] [2020-09-12T17:24:12.106Z] <<< HTTP RESPONSE 200 {"content-type":"application/json; charset=UTF-8","vary":"X-Origin, Referer, Origin,Accept-Encoding","date":"Sat, 12 Sep 2020 17:24:12 GMT","server":"ESF","cache-control":"private","x-xss-protection":"0","x-frame-options":"SAMEORIGIN","x-content-type-options":"nosniff","alt-svc":"h3-29=\":443\"; ma=2592000,h3-27=\":443\"; ma=2592000,h3-T051=\":443\"; ma=2592000,h3-T050=\":443\"; ma=2592000,h3-Q050=\":443\"; ma=2592000,h3-Q046=\":443\"; ma=2592000,h3-Q043=\":443\"; ma=2592000,quic=\":443\"; ma=2592000; v=\"46,43\"","accept-ranges":"none","transfer-encoding":"chunked"}
[info] ✔  functions: required API cloudfunctions.googleapis.com is enabled 
[debug] [2020-09-12T17:24:12.107Z] >>> HTTP REQUEST GET https://firebase.googleapis.com/v1beta1/projects/luuk180-dev/adminSdkConfig  
 
[debug] [2020-09-12T17:24:12.414Z] <<< HTTP RESPONSE 200 {"content-type":"application/json; charset=UTF-8","vary":"X-Origin, Referer, Origin,Accept-Encoding","date":"Sat, 12 Sep 2020 17:24:12 GMT","server":"ESF","cache-control":"private","x-xss-protection":"0","x-frame-options":"SAMEORIGIN","x-content-type-options":"nosniff","alt-svc":"h3-29=\":443\"; ma=2592000,h3-27=\":443\"; ma=2592000,h3-T051=\":443\"; ma=2592000,h3-T050=\":443\"; ma=2592000,h3-Q050=\":443\"; ma=2592000,h3-Q046=\":443\"; ma=2592000,h3-Q043=\":443\"; ma=2592000,quic=\":443\"; ma=2592000; v=\"46,43\"","accept-ranges":"none","transfer-encoding":"chunked"}
[info] i  functions: preparing functions directory for uploading... 
[debug] [2020-09-12T17:24:12.415Z] >>> HTTP REQUEST GET https://runtimeconfig.googleapis.com/v1beta1/projects/luuk180-dev/configs  
 
[debug] [2020-09-12T17:24:12.563Z] <<< HTTP RESPONSE 200 {"content-type":"application/json; charset=UTF-8","vary":"X-Origin, Referer, Origin,Accept-Encoding","date":"Sat, 12 Sep 2020 17:24:12 GMT","server":"ESF","cache-control":"private","x-xss-protection":"0","x-frame-options":"SAMEORIGIN","x-content-type-options":"nosniff","alt-svc":"h3-29=\":443\"; ma=2592000,h3-27=\":443\"; ma=2592000,h3-T051=\":443\"; ma=2592000,h3-T050=\":443\"; ma=2592000,h3-Q050=\":443\"; ma=2592000,h3-Q046=\":443\"; ma=2592000,h3-Q043=\":443\"; ma=2592000,quic=\":443\"; ma=2592000; v=\"46,43\"","accept-ranges":"none","transfer-encoding":"chunked"}
[debug] [2020-09-12T17:24:12.564Z] >>> HTTP REQUEST GET https://runtimeconfig.googleapis.com/v1beta1/projects/luuk180-dev/configs/github/variables  
 
[debug] [2020-09-12T17:24:12.747Z] <<< HTTP RESPONSE 200 {"content-type":"application/json; charset=UTF-8","vary":"X-Origin, Referer, Origin,Accept-Encoding","date":"Sat, 12 Sep 2020 17:24:12 GMT","server":"ESF","cache-control":"private","x-xss-protection":"0","x-frame-options":"SAMEORIGIN","x-content-type-options":"nosniff","alt-svc":"h3-29=\":443\"; ma=2592000,h3-27=\":443\"; ma=2592000,h3-T051=\":443\"; ma=2592000,h3-T050=\":443\"; ma=2592000,h3-Q050=\":443\"; ma=2592000,h3-Q046=\":443\"; ma=2592000,h3-Q043=\":443\"; ma=2592000,quic=\":443\"; ma=2592000; v=\"46,43\"","accept-ranges":"none","transfer-encoding":"chunked"}
[debug] [2020-09-12T17:24:12.748Z] >>> HTTP REQUEST GET https://runtimeconfig.googleapis.com/v1beta1/projects/luuk180-dev/configs/github/variables/token  
 
[debug] [2020-09-12T17:24:12.920Z] <<< HTTP RESPONSE 200 {"content-type":"application/json; charset=UTF-8","vary":"X-Origin, Referer, Origin,Accept-Encoding","date":"Sat, 12 Sep 2020 17:24:12 GMT","server":"ESF","cache-control":"private","x-xss-protection":"0","x-frame-options":"SAMEORIGIN","x-content-type-options":"nosniff","alt-svc":"h3-29=\":443\"; ma=2592000,h3-27=\":443\"; ma=2592000,h3-T051=\":443\"; ma=2592000,h3-T050=\":443\"; ma=2592000,h3-Q050=\":443\"; ma=2592000,h3-Q046=\":443\"; ma=2592000,h3-Q043=\":443\"; ma=2592000,quic=\":443\"; ma=2592000; v=\"46,43\"","accept-ranges":"none","transfer-encoding":"chunked"}
[info] i  functions: packaged functions (40.77 KB) for uploading 
[debug] [2020-09-12T17:24:13.024Z] >>> HTTP REQUEST GET https://cloudfunctions.googleapis.com/v1/projects/luuk180-dev/locations/-/functions  
 
[debug] [2020-09-12T17:24:13.495Z] <<< HTTP RESPONSE 200 {"content-type":"application/json; charset=UTF-8","vary":"X-Origin, Referer, Origin,Accept-Encoding","date":"Sat, 12 Sep 2020 17:24:13 GMT","server":"ESF","cache-control":"private","x-xss-protection":"0","x-frame-options":"SAMEORIGIN","x-content-type-options":"nosniff","alt-svc":"h3-29=\":443\"; ma=2592000,h3-27=\":443\"; ma=2592000,h3-T051=\":443\"; ma=2592000,h3-T050=\":443\"; ma=2592000,h3-Q050=\":443\"; ma=2592000,h3-Q046=\":443\"; ma=2592000,h3-Q043=\":443\"; ma=2592000,quic=\":443\"; ma=2592000; v=\"46,43\"","accept-ranges":"none","transfer-encoding":"chunked"}
[debug] [2020-09-12T17:24:13.497Z] >>> HTTP REQUEST POST https://cloudfunctions.googleapis.com/v1/projects/luuk180-dev/locations/us-central1/functions:generateUploadUrl  
 
[debug] [2020-09-12T17:24:13.945Z] <<< HTTP RESPONSE 200 {"content-type":"application/json; charset=UTF-8","vary":"X-Origin, Referer, Origin,Accept-Encoding","date":"Sat, 12 Sep 2020 17:24:13 GMT","server":"ESF","cache-control":"private","x-xss-protection":"0","x-frame-options":"SAMEORIGIN","x-content-type-options":"nosniff","alt-svc":"h3-29=\":443\"; ma=2592000,h3-27=\":443\"; ma=2592000,h3-T051=\":443\"; ma=2592000,h3-T050=\":443\"; ma=2592000,h3-Q050=\":443\"; ma=2592000,h3-Q046=\":443\"; ma=2592000,h3-Q043=\":443\"; ma=2592000,quic=\":443\"; ma=2592000; v=\"46,43\"","accept-ranges":"none","transfer-encoding":"chunked"}
[debug] [2020-09-12T17:24:13.946Z] >>> HTTP REQUEST PUT https://storage.googleapis.com/gcf-upload-us-central1-04e81717-62e3-4fa9-8816-0a12768fe029/3713dbe8-17fd-482d-8744-83639c371485.zip?GoogleAccessId=service-120505390023@gcf-admin-robot.iam.gserviceaccount.com&Expires=1599933253&Signature=UuTPvHDeTgHRKe9eS19F2%2FiGHPIhZ7ZC5MDSCNn7T1FNNe3r2u7QywaBbt%2BYvRRMRUbeCvG0tQ1gI2VbYy0TkuSCFDOXN48mCHJzMkxkcPbiUyKyA4siozmOttBYoQ5ozhYGQJp9zFe8EU%2FfQamI%2Fs5kjibTAkQKKn6s47Dhd6cgWd1P8EyQ4HbXS51ra8%2B8d1ztx9MHjiPijOs3Z8iPon4ODoAaMAv7yBpzUqU04tOcecphbY1fPhNYBcYzxswL3YrtjfTQBld%2FlvnfqJh3aSZCvlCK9UypKirQRatO3bWjRFfrHEDwpSb0yBnXOlM3Ow0inHGqhyHmRn%2Fd2A%2BbHA%3D%3D  
 <request body omitted>
[debug] [2020-09-12T17:24:14.266Z] <<< HTTP RESPONSE 200 {"x-guploader-uploadid":"ABg5-UwhFtdFNBjd9l1uX8FfoEQibyFwJTfKXoAPqxUo3mk-eR7R8kdYNpC0_ppOfjteGIiYunvQqHFL-2DrSY-p4Zwzimbksg","etag":"\"17eea7b8de27703da1151d7e779bee7b\"","x-goog-generation":"1599931454203283","x-goog-metageneration":"1","x-goog-hash":"crc32c=7JEhTw==, md5=F+6nuN4ncD2hFR1+d5vuew==","x-goog-stored-content-length":"41746","x-goog-stored-content-encoding":"identity","vary":"Origin","content-length":"0","date":"Sat, 12 Sep 2020 17:24:14 GMT","server":"UploadServer","content-type":"text/html; charset=UTF-8","alt-svc":"h3-29=\":443\"; ma=2592000,h3-27=\":443\"; ma=2592000,h3-T051=\":443\"; ma=2592000,h3-T050=\":443\"; ma=2592000,h3-Q050=\":443\"; ma=2592000,h3-Q046=\":443\"; ma=2592000,h3-Q043=\":443\"; ma=2592000,quic=\":443\"; ma=2592000; v=\"46,43\""}
[info] ✔  functions: functions folder uploaded successfully 
[info] i  functions: updating Node.js 10 function GitHubToDB(us-central1)... 
[debug] [2020-09-12T17:24:14.268Z] Trigger is:  {"eventTrigger":{"resource":"projects/luuk180-dev/topics/firebase-schedule-GitHubToDB-us-central1","eventType":"google.pubsub.topic.publish","service":"pubsub.googleapis.com"}}
[info] i  scheduler: ensuring required API cloudscheduler.googleapis.com is enabled... 
[info] i  pubsub: ensuring required API pubsub.googleapis.com is enabled... 
[debug] [2020-09-12T17:24:14.270Z] >>> HTTP REQUEST GET https://serviceusage.googleapis.com/v1/projects/luuk180-dev/services/cloudscheduler.googleapis.com  
 
[debug] [2020-09-12T17:24:14.270Z] >>> HTTP REQUEST GET https://serviceusage.googleapis.com/v1/projects/luuk180-dev/services/pubsub.googleapis.com  
 
[debug] [2020-09-12T17:24:14.977Z] <<< HTTP RESPONSE 200 {"content-type":"application/json; charset=UTF-8","vary":"X-Origin, Referer, Origin,Accept-Encoding","date":"Sat, 12 Sep 2020 17:24:14 GMT","server":"ESF","cache-control":"private","x-xss-protection":"0","x-frame-options":"SAMEORIGIN","x-content-type-options":"nosniff","alt-svc":"h3-29=\":443\"; ma=2592000,h3-27=\":443\"; ma=2592000,h3-T051=\":443\"; ma=2592000,h3-T050=\":443\"; ma=2592000,h3-Q050=\":443\"; ma=2592000,h3-Q046=\":443\"; ma=2592000,h3-Q043=\":443\"; ma=2592000,quic=\":443\"; ma=2592000; v=\"46,43\"","accept-ranges":"none","transfer-encoding":"chunked"}
[info] ✔  pubsub: required API pubsub.googleapis.com is enabled 
[debug] [2020-09-12T17:24:14.994Z] <<< HTTP RESPONSE 200 {"content-type":"application/json; charset=UTF-8","vary":"X-Origin, Referer, Origin,Accept-Encoding","date":"Sat, 12 Sep 2020 17:24:14 GMT","server":"ESF","cache-control":"private","x-xss-protection":"0","x-frame-options":"SAMEORIGIN","x-content-type-options":"nosniff","alt-svc":"h3-29=\":443\"; ma=2592000,h3-27=\":443\"; ma=2592000,h3-T051=\":443\"; ma=2592000,h3-T050=\":443\"; ma=2592000,h3-Q050=\":443\"; ma=2592000,h3-Q046=\":443\"; ma=2592000,h3-Q043=\":443\"; ma=2592000,quic=\":443\"; ma=2592000; v=\"46,43\"","accept-ranges":"none","transfer-encoding":"chunked"}
[info] ✔  scheduler: required API cloudscheduler.googleapis.com is enabled 
[debug] [2020-09-12T17:24:14.995Z] >>> HTTP REQUEST GET https://cloudscheduler.googleapis.com/v1beta1/projects/luuk180-dev/locations/us-central1/jobs/firebase-schedule-GitHubToDB-us-central1  
 
[debug] [2020-09-12T17:24:15.487Z] <<< HTTP RESPONSE 200 {"content-type":"application/json; charset=UTF-8","vary":"X-Origin, Referer, Origin,Accept-Encoding","date":"Sat, 12 Sep 2020 17:24:15 GMT","server":"ESF","cache-control":"private","x-xss-protection":"0","x-frame-options":"SAMEORIGIN","x-content-type-options":"nosniff","alt-svc":"h3-29=\":443\"; ma=2592000,h3-27=\":443\"; ma=2592000,h3-T051=\":443\"; ma=2592000,h3-T050=\":443\"; ma=2592000,h3-Q050=\":443\"; ma=2592000,h3-Q046=\":443\"; ma=2592000,h3-Q043=\":443\"; ma=2592000,quic=\":443\"; ma=2592000; v=\"46,43\"","accept-ranges":"none","transfer-encoding":"chunked"}
[debug] [2020-09-12T17:24:15.488Z] >>> HTTP REQUEST PATCH https://cloudscheduler.googleapis.com/v1beta1/projects/luuk180-dev/locations/us-central1/jobs/firebase-schedule-GitHubToDB-us-central1  
 {"timeZone":"America/New_York","schedule":"*/30 * * * *","name":"projects/luuk180-dev/locations/us-central1/jobs/firebase-schedule-GitHubToDB-us-central1","pubsubTarget":{"topicName":"projects/luuk180-dev/topics/firebase-schedule-GitHubToDB-us-central1","attributes":{"scheduled":"true"}}}
